\BOOKMARK [1][-]{section.1}{Sammendrag}{}% 1
\BOOKMARK [2][-]{subsection.1.1}{}{section.1}% 2
\BOOKMARK [1][-]{section.2}{Innledning}{}% 3
\BOOKMARK [2][-]{subsection.2.1}{Tema}{section.2}% 4
\BOOKMARK [2][-]{subsection.2.2}{Hensikt}{section.2}% 5
\BOOKMARK [2][-]{subsection.2.3}{Problemstilling}{section.2}% 6
\BOOKMARK [2][-]{subsection.2.4}{Hypoteser}{section.2}% 7
\BOOKMARK [1][-]{section.3}{Bakgrunn}{}% 8
\BOOKMARK [2][-]{subsection.3.1}{Tidligere forskning}{section.3}% 9
\BOOKMARK [2][-]{subsection.3.2}{Hva det skal forskes p\345}{section.3}% 10
\BOOKMARK [2][-]{subsection.3.3}{Bakgrunnskunnskap}{section.3}% 11
\BOOKMARK [1][-]{section.4}{Teori}{}% 12
\BOOKMARK [2][-]{subsection.4.1}{Relevant teori}{section.4}% 13
\BOOKMARK [1][-]{section.5}{Metode}{}% 14
\BOOKMARK [2][-]{subsection.5.1}{}{section.5}% 15
\BOOKMARK [1][-]{section.6}{Resultater}{}% 16
\BOOKMARK [2][-]{subsection.6.1}{}{section.6}% 17
\BOOKMARK [1][-]{section.7}{Analyse}{}% 18
\BOOKMARK [2][-]{subsection.7.1}{}{section.7}% 19
\BOOKMARK [1][-]{section.8}{Diskusjon}{}% 20
\BOOKMARK [2][-]{subsection.8.1}{}{section.8}% 21
\BOOKMARK [1][-]{section.9}{Konklusjon}{}% 22
\BOOKMARK [2][-]{subsection.9.1}{}{section.9}% 23
\BOOKMARK [1][-]{section.10}{Test}{}% 24
\BOOKMARK [2][-]{subsection.10.1}{Test test}{section.10}% 25
\BOOKMARK [1][-]{section*.4}{Referanser}{}% 26
